<?xml version="1.0" encoding="UTF-8"?>
<testng-results ignored="0" total="1" passed="1" failed="0" skipped="0">
  <reporter-output>
  </reporter-output>
  <suite started-at="2024-11-06T13:01:11 IST" name="Suite" finished-at="2024-11-06T13:01:25 IST" duration-ms="13974">
    <groups>
    </groups>
    <test started-at="2024-11-06T13:01:11 IST" name="Test" finished-at="2024-11-06T13:01:25 IST" duration-ms="13974">
      <class name="com.coach.C2">
        <test-method signature="run()[pri:0, instance:com.coach.C2@402bba4f]" started-at="2024-11-06T13:01:12 IST" name="run" finished-at="2024-11-06T13:01:25 IST" duration-ms="13888" status="PASS">
          <reporter-output>
          </reporter-output>
        </test-method> <!-- run -->
      </class> <!-- com.coach.C2 -->
    </test> <!-- Test -->
  </suite> <!-- Suite -->
</testng-results>
