<?xml version="1.0" encoding="UTF-8"?>
<testng-results ignored="0" total="1" passed="1" failed="0" skipped="0">
  <reporter-output>
  </reporter-output>
  <suite started-at="2024-11-04T18:08:14 IST" name="Suite" finished-at="2024-11-04T18:08:21 IST" duration-ms="7095">
    <groups>
    </groups>
    <test started-at="2024-11-04T18:08:14 IST" name="Test" finished-at="2024-11-04T18:08:21 IST" duration-ms="7095">
      <class name="com.coach.C1">
        <test-method signature="run()[pri:0, instance:com.coach.C1@6d4d66d2]" started-at="2024-11-04T18:08:14 IST" name="run" finished-at="2024-11-04T18:08:21 IST" duration-ms="6940" status="PASS">
          <reporter-output>
          </reporter-output>
        </test-method> <!-- run -->
      </class> <!-- com.coach.C1 -->
    </test> <!-- Test -->
  </suite> <!-- Suite -->
</testng-results>
